0 info it worked if it ends with ok
1 verbose cli [ '/opt/boxen/nodenv/versions/v0.10/bin/node',
1 verbose cli   '/opt/boxen/nodenv/versions/v0.10/bin/npm',
1 verbose cli   'run',
1 verbose cli   'setup' ]
2 info using npm@1.4.3
3 info using node@v0.10.26
4 verbose node symlink /opt/boxen/nodenv/versions/v0.10/bin/node
5 verbose run-script [ 'presetup', 'setup', 'postsetup' ]
6 info presetup Bootstyle@0.2.0
7 info setup Bootstyle@0.2.0
8 verbose unsafe-perm in lifecycle true
9 info Bootstyle@0.2.0 Failed to exec setup script
10 error Bootstyle@0.2.0 setup: `npm install && bower install && grunt build && grunt serve:dev`
10 error Exit status 1
11 error Failed at the Bootstyle@0.2.0 setup script.
11 error This is most likely a problem with the Bootstyle package,
11 error not with npm itself.
11 error Tell the author that this fails on your system:
11 error     npm install && bower install && grunt build && grunt serve:dev
11 error You can get their info via:
11 error     npm owner ls Bootstyle
11 error There is likely additional logging output above.
12 error System Darwin 13.2.0
13 error command "/opt/boxen/nodenv/versions/v0.10/bin/node" "/opt/boxen/nodenv/versions/v0.10/bin/npm" "run" "setup"
14 error cwd /Users/levithomason/src/bootstyle
15 error node -v v0.10.26
16 error npm -v 1.4.3
17 error code ELIFECYCLE
18 verbose exit [ 1, true ]
